CRITICAL - 2022-04-24 19:52:43 --> Call to undefined function base_url_src()
#0 C:\xampp\htdocs\prueba\system\View\View.php(210): include()
#1 C:\xampp\htdocs\prueba\system\View\View.php(213): CodeIgniter\View\View->CodeIgniter\View\{closure}()
#2 C:\xampp\htdocs\prueba\system\Common.php(1089): CodeIgniter\View\View->render('home_view', Array, true)
#3 C:\xampp\htdocs\prueba\app\Controllers\Home.php(9): view('home_view')
#4 C:\xampp\htdocs\prueba\system\CodeIgniter.php(832): App\Controllers\Home->index()
#5 C:\xampp\htdocs\prueba\system\CodeIgniter.php(419): CodeIgniter\CodeIgniter->runController(Object(App\Controllers\Home))
#6 C:\xampp\htdocs\prueba\system\CodeIgniter.php(326): CodeIgniter\CodeIgniter->handleRequest(NULL, Object(Config\Cache), false)
#7 C:\xampp\htdocs\prueba\public\index.php(37): CodeIgniter\CodeIgniter->run()
#8 {main}
CRITICAL - 2022-04-24 19:52:55 --> Call to undefined function base_url_src()
#0 C:\xampp\htdocs\prueba\system\View\View.php(210): include()
#1 C:\xampp\htdocs\prueba\system\View\View.php(213): CodeIgniter\View\View->CodeIgniter\View\{closure}()
#2 C:\xampp\htdocs\prueba\system\Common.php(1089): CodeIgniter\View\View->render('home_view', Array, true)
#3 C:\xampp\htdocs\prueba\app\Controllers\Home.php(9): view('home_view')
#4 C:\xampp\htdocs\prueba\system\CodeIgniter.php(832): App\Controllers\Home->index()
#5 C:\xampp\htdocs\prueba\system\CodeIgniter.php(419): CodeIgniter\CodeIgniter->runController(Object(App\Controllers\Home))
#6 C:\xampp\htdocs\prueba\system\CodeIgniter.php(326): CodeIgniter\CodeIgniter->handleRequest(NULL, Object(Config\Cache), false)
#7 C:\xampp\htdocs\prueba\public\index.php(37): CodeIgniter\CodeIgniter->run()
#8 {main}
CRITICAL - 2022-04-24 19:54:09 --> Call to undefined function base_urlsrc()
#0 C:\xampp\htdocs\prueba\system\View\View.php(210): include()
#1 C:\xampp\htdocs\prueba\system\View\View.php(213): CodeIgniter\View\View->CodeIgniter\View\{closure}()
#2 C:\xampp\htdocs\prueba\system\Common.php(1089): CodeIgniter\View\View->render('home_view', Array, true)
#3 C:\xampp\htdocs\prueba\app\Controllers\Home.php(9): view('home_view')
#4 C:\xampp\htdocs\prueba\system\CodeIgniter.php(832): App\Controllers\Home->index()
#5 C:\xampp\htdocs\prueba\system\CodeIgniter.php(419): CodeIgniter\CodeIgniter->runController(Object(App\Controllers\Home))
#6 C:\xampp\htdocs\prueba\system\CodeIgniter.php(326): CodeIgniter\CodeIgniter->handleRequest(NULL, Object(Config\Cache), false)
#7 C:\xampp\htdocs\prueba\public\index.php(37): CodeIgniter\CodeIgniter->run()
#8 {main}
CRITICAL - 2022-04-24 19:54:39 --> Call to undefined function base_urlsrc()
#0 C:\xampp\htdocs\prueba\system\View\View.php(210): include()
#1 C:\xampp\htdocs\prueba\system\View\View.php(213): CodeIgniter\View\View->CodeIgniter\View\{closure}()
#2 C:\xampp\htdocs\prueba\system\Common.php(1089): CodeIgniter\View\View->render('home_view', Array, true)
#3 C:\xampp\htdocs\prueba\app\Controllers\Home.php(9): view('home_view')
#4 C:\xampp\htdocs\prueba\system\CodeIgniter.php(832): App\Controllers\Home->index()
#5 C:\xampp\htdocs\prueba\system\CodeIgniter.php(419): CodeIgniter\CodeIgniter->runController(Object(App\Controllers\Home))
#6 C:\xampp\htdocs\prueba\system\CodeIgniter.php(326): CodeIgniter\CodeIgniter->handleRequest(NULL, Object(Config\Cache), false)
#7 C:\xampp\htdocs\prueba\public\index.php(37): CodeIgniter\CodeIgniter->run()
#8 {main}
CRITICAL - 2022-04-24 19:57:30 --> Call to undefined function sources()
#0 C:\xampp\htdocs\prueba\system\View\View.php(210): include()
#1 C:\xampp\htdocs\prueba\system\View\View.php(213): CodeIgniter\View\View->CodeIgniter\View\{closure}()
#2 C:\xampp\htdocs\prueba\system\Common.php(1089): CodeIgniter\View\View->render('home_view', Array, true)
#3 C:\xampp\htdocs\prueba\app\Controllers\Home.php(9): view('home_view')
#4 C:\xampp\htdocs\prueba\system\CodeIgniter.php(832): App\Controllers\Home->index()
#5 C:\xampp\htdocs\prueba\system\CodeIgniter.php(419): CodeIgniter\CodeIgniter->runController(Object(App\Controllers\Home))
#6 C:\xampp\htdocs\prueba\system\CodeIgniter.php(326): CodeIgniter\CodeIgniter->handleRequest(NULL, Object(Config\Cache), false)
#7 C:\xampp\htdocs\prueba\public\index.php(37): CodeIgniter\CodeIgniter->run()
#8 {main}
CRITICAL - 2022-04-24 19:58:16 --> Call to undefined function sources()
#0 C:\xampp\htdocs\prueba\system\View\View.php(210): include()
#1 C:\xampp\htdocs\prueba\system\View\View.php(213): CodeIgniter\View\View->CodeIgniter\View\{closure}()
#2 C:\xampp\htdocs\prueba\system\Common.php(1089): CodeIgniter\View\View->render('home_view', Array, true)
#3 C:\xampp\htdocs\prueba\app\Controllers\Home.php(9): view('home_view')
#4 C:\xampp\htdocs\prueba\system\CodeIgniter.php(832): App\Controllers\Home->index()
#5 C:\xampp\htdocs\prueba\system\CodeIgniter.php(419): CodeIgniter\CodeIgniter->runController(Object(App\Controllers\Home))
#6 C:\xampp\htdocs\prueba\system\CodeIgniter.php(326): CodeIgniter\CodeIgniter->handleRequest(NULL, Object(Config\Cache), false)
#7 C:\xampp\htdocs\prueba\public\index.php(37): CodeIgniter\CodeIgniter->run()
#8 {main}
CRITICAL - 2022-04-24 19:59:22 --> Call to undefined function sources()
#0 C:\xampp\htdocs\prueba\system\View\View.php(210): include()
#1 C:\xampp\htdocs\prueba\system\View\View.php(213): CodeIgniter\View\View->CodeIgniter\View\{closure}()
#2 C:\xampp\htdocs\prueba\system\Common.php(1089): CodeIgniter\View\View->render('home_view', Array, true)
#3 C:\xampp\htdocs\prueba\app\Controllers\Home.php(9): view('home_view')
#4 C:\xampp\htdocs\prueba\system\CodeIgniter.php(832): App\Controllers\Home->index()
#5 C:\xampp\htdocs\prueba\system\CodeIgniter.php(419): CodeIgniter\CodeIgniter->runController(Object(App\Controllers\Home))
#6 C:\xampp\htdocs\prueba\system\CodeIgniter.php(326): CodeIgniter\CodeIgniter->handleRequest(NULL, Object(Config\Cache), false)
#7 C:\xampp\htdocs\prueba\public\index.php(37): CodeIgniter\CodeIgniter->run()
#8 {main}
CRITICAL - 2022-04-24 19:59:24 --> Call to undefined function sources()
#0 C:\xampp\htdocs\prueba\system\View\View.php(210): include()
#1 C:\xampp\htdocs\prueba\system\View\View.php(213): CodeIgniter\View\View->CodeIgniter\View\{closure}()
#2 C:\xampp\htdocs\prueba\system\Common.php(1089): CodeIgniter\View\View->render('home_view', Array, true)
#3 C:\xampp\htdocs\prueba\app\Controllers\Home.php(9): view('home_view')
#4 C:\xampp\htdocs\prueba\system\CodeIgniter.php(832): App\Controllers\Home->index()
#5 C:\xampp\htdocs\prueba\system\CodeIgniter.php(419): CodeIgniter\CodeIgniter->runController(Object(App\Controllers\Home))
#6 C:\xampp\htdocs\prueba\system\CodeIgniter.php(326): CodeIgniter\CodeIgniter->handleRequest(NULL, Object(Config\Cache), false)
#7 C:\xampp\htdocs\prueba\public\index.php(37): CodeIgniter\CodeIgniter->run()
#8 {main}
CRITICAL - 2022-04-24 19:59:28 --> Call to undefined function sources()
#0 C:\xampp\htdocs\prueba\system\View\View.php(210): include()
#1 C:\xampp\htdocs\prueba\system\View\View.php(213): CodeIgniter\View\View->CodeIgniter\View\{closure}()
#2 C:\xampp\htdocs\prueba\system\Common.php(1089): CodeIgniter\View\View->render('home_view', Array, true)
#3 C:\xampp\htdocs\prueba\app\Controllers\Home.php(9): view('home_view')
#4 C:\xampp\htdocs\prueba\system\CodeIgniter.php(832): App\Controllers\Home->index()
#5 C:\xampp\htdocs\prueba\system\CodeIgniter.php(419): CodeIgniter\CodeIgniter->runController(Object(App\Controllers\Home))
#6 C:\xampp\htdocs\prueba\system\CodeIgniter.php(326): CodeIgniter\CodeIgniter->handleRequest(NULL, Object(Config\Cache), false)
#7 C:\xampp\htdocs\prueba\public\index.php(37): CodeIgniter\CodeIgniter->run()
#8 {main}
CRITICAL - 2022-04-24 19:59:28 --> Call to undefined function sources()
#0 C:\xampp\htdocs\prueba\system\View\View.php(210): include()
#1 C:\xampp\htdocs\prueba\system\View\View.php(213): CodeIgniter\View\View->CodeIgniter\View\{closure}()
#2 C:\xampp\htdocs\prueba\system\Common.php(1089): CodeIgniter\View\View->render('home_view', Array, true)
#3 C:\xampp\htdocs\prueba\app\Controllers\Home.php(9): view('home_view')
#4 C:\xampp\htdocs\prueba\system\CodeIgniter.php(832): App\Controllers\Home->index()
#5 C:\xampp\htdocs\prueba\system\CodeIgniter.php(419): CodeIgniter\CodeIgniter->runController(Object(App\Controllers\Home))
#6 C:\xampp\htdocs\prueba\system\CodeIgniter.php(326): CodeIgniter\CodeIgniter->handleRequest(NULL, Object(Config\Cache), false)
#7 C:\xampp\htdocs\prueba\public\index.php(37): CodeIgniter\CodeIgniter->run()
#8 {main}
CRITICAL - 2022-04-24 19:59:29 --> Call to undefined function sources()
#0 C:\xampp\htdocs\prueba\system\View\View.php(210): include()
#1 C:\xampp\htdocs\prueba\system\View\View.php(213): CodeIgniter\View\View->CodeIgniter\View\{closure}()
#2 C:\xampp\htdocs\prueba\system\Common.php(1089): CodeIgniter\View\View->render('home_view', Array, true)
#3 C:\xampp\htdocs\prueba\app\Controllers\Home.php(9): view('home_view')
#4 C:\xampp\htdocs\prueba\system\CodeIgniter.php(832): App\Controllers\Home->index()
#5 C:\xampp\htdocs\prueba\system\CodeIgniter.php(419): CodeIgniter\CodeIgniter->runController(Object(App\Controllers\Home))
#6 C:\xampp\htdocs\prueba\system\CodeIgniter.php(326): CodeIgniter\CodeIgniter->handleRequest(NULL, Object(Config\Cache), false)
#7 C:\xampp\htdocs\prueba\public\index.php(37): CodeIgniter\CodeIgniter->run()
#8 {main}
CRITICAL - 2022-04-24 19:59:36 --> Call to undefined function sources()
#0 C:\xampp\htdocs\prueba\system\View\View.php(210): include()
#1 C:\xampp\htdocs\prueba\system\View\View.php(213): CodeIgniter\View\View->CodeIgniter\View\{closure}()
#2 C:\xampp\htdocs\prueba\system\Common.php(1089): CodeIgniter\View\View->render('home_view', Array, true)
#3 C:\xampp\htdocs\prueba\app\Controllers\Home.php(9): view('home_view')
#4 C:\xampp\htdocs\prueba\system\CodeIgniter.php(832): App\Controllers\Home->index()
#5 C:\xampp\htdocs\prueba\system\CodeIgniter.php(419): CodeIgniter\CodeIgniter->runController(Object(App\Controllers\Home))
#6 C:\xampp\htdocs\prueba\system\CodeIgniter.php(326): CodeIgniter\CodeIgniter->handleRequest(NULL, Object(Config\Cache), false)
#7 C:\xampp\htdocs\prueba\public\index.php(37): CodeIgniter\CodeIgniter->run()
#8 {main}
CRITICAL - 2022-04-24 19:59:57 --> Call to undefined function sources()
#0 C:\xampp\htdocs\prueba\system\View\View.php(210): include()
#1 C:\xampp\htdocs\prueba\system\View\View.php(213): CodeIgniter\View\View->CodeIgniter\View\{closure}()
#2 C:\xampp\htdocs\prueba\system\Common.php(1089): CodeIgniter\View\View->render('home_view', Array, true)
#3 C:\xampp\htdocs\prueba\app\Controllers\Home.php(9): view('home_view')
#4 C:\xampp\htdocs\prueba\system\CodeIgniter.php(832): App\Controllers\Home->index()
#5 C:\xampp\htdocs\prueba\system\CodeIgniter.php(419): CodeIgniter\CodeIgniter->runController(Object(App\Controllers\Home))
#6 C:\xampp\htdocs\prueba\system\CodeIgniter.php(326): CodeIgniter\CodeIgniter->handleRequest(NULL, Object(Config\Cache), false)
#7 C:\xampp\htdocs\prueba\public\index.php(37): CodeIgniter\CodeIgniter->run()
#8 {main}
CRITICAL - 2022-04-24 20:06:22 --> Call to undefined function sources()
#0 C:\xampp\htdocs\prueba\system\View\View.php(210): include()
#1 C:\xampp\htdocs\prueba\system\View\View.php(213): CodeIgniter\View\View->CodeIgniter\View\{closure}()
#2 C:\xampp\htdocs\prueba\system\Common.php(1089): CodeIgniter\View\View->render('home_view', Array, true)
#3 C:\xampp\htdocs\prueba\app\Controllers\Home.php(9): view('home_view')
#4 C:\xampp\htdocs\prueba\system\CodeIgniter.php(832): App\Controllers\Home->index()
#5 C:\xampp\htdocs\prueba\system\CodeIgniter.php(419): CodeIgniter\CodeIgniter->runController(Object(App\Controllers\Home))
#6 C:\xampp\htdocs\prueba\system\CodeIgniter.php(326): CodeIgniter\CodeIgniter->handleRequest(NULL, Object(Config\Cache), false)
#7 C:\xampp\htdocs\prueba\public\index.php(37): CodeIgniter\CodeIgniter->run()
#8 {main}
CRITICAL - 2022-04-24 20:06:23 --> Call to undefined function sources()
#0 C:\xampp\htdocs\prueba\system\View\View.php(210): include()
#1 C:\xampp\htdocs\prueba\system\View\View.php(213): CodeIgniter\View\View->CodeIgniter\View\{closure}()
#2 C:\xampp\htdocs\prueba\system\Common.php(1089): CodeIgniter\View\View->render('home_view', Array, true)
#3 C:\xampp\htdocs\prueba\app\Controllers\Home.php(9): view('home_view')
#4 C:\xampp\htdocs\prueba\system\CodeIgniter.php(832): App\Controllers\Home->index()
#5 C:\xampp\htdocs\prueba\system\CodeIgniter.php(419): CodeIgniter\CodeIgniter->runController(Object(App\Controllers\Home))
#6 C:\xampp\htdocs\prueba\system\CodeIgniter.php(326): CodeIgniter\CodeIgniter->handleRequest(NULL, Object(Config\Cache), false)
#7 C:\xampp\htdocs\prueba\public\index.php(37): CodeIgniter\CodeIgniter->run()
#8 {main}
CRITICAL - 2022-04-24 20:40:14 --> Cannot redeclare base_url() (previously declared in C:\xampp\htdocs\prueba\system\Helpers\url_helper.php:101)
#0 [internal function]: CodeIgniter\Debug\Exceptions->shutdownHandler()
#1 {main}
CRITICAL - 2022-04-24 23:43:08 --> Undefined property: App\Controllers\Home::$load
#0 C:\xampp\htdocs\prueba\app\Controllers\Home.php(9): CodeIgniter\Debug\Exceptions->errorHandler(2, 'Undefined prope...', 'C:\\xampp\\htdocs...', 9)
#1 C:\xampp\htdocs\prueba\system\CodeIgniter.php(832): App\Controllers\Home->index()
#2 C:\xampp\htdocs\prueba\system\CodeIgniter.php(419): CodeIgniter\CodeIgniter->runController(Object(App\Controllers\Home))
#3 C:\xampp\htdocs\prueba\system\CodeIgniter.php(326): CodeIgniter\CodeIgniter->handleRequest(NULL, Object(Config\Cache), false)
#4 C:\xampp\htdocs\prueba\public\index.php(37): CodeIgniter\CodeIgniter->run()
#5 {main}
CRITICAL - 2022-04-24 23:43:26 --> Undefined property: App\Controllers\Home::$load
#0 C:\xampp\htdocs\prueba\app\Controllers\Home.php(9): CodeIgniter\Debug\Exceptions->errorHandler(2, 'Undefined prope...', 'C:\\xampp\\htdocs...', 9)
#1 C:\xampp\htdocs\prueba\system\CodeIgniter.php(832): App\Controllers\Home->index()
#2 C:\xampp\htdocs\prueba\system\CodeIgniter.php(419): CodeIgniter\CodeIgniter->runController(Object(App\Controllers\Home))
#3 C:\xampp\htdocs\prueba\system\CodeIgniter.php(326): CodeIgniter\CodeIgniter->handleRequest(NULL, Object(Config\Cache), false)
#4 C:\xampp\htdocs\prueba\public\index.php(37): CodeIgniter\CodeIgniter->run()
#5 {main}
CRITICAL - 2022-04-24 23:45:01 --> syntax error, unexpected token "*"
#0 C:\xampp\htdocs\prueba\system\Autoloader\Autoloader.php(241): CodeIgniter\Autoloader\Autoloader->includeFile('C:\\xampp\\htdocs...')
#1 C:\xampp\htdocs\prueba\system\Autoloader\Autoloader.php(219): CodeIgniter\Autoloader\Autoloader->loadInNamespace('App\\Controllers...')
#2 [internal function]: CodeIgniter\Autoloader\Autoloader->loadClass('App\\Controllers...')
#3 C:\xampp\htdocs\prueba\system\CodeIgniter.php(797): class_exists('\\App\\Controller...', true)
#4 C:\xampp\htdocs\prueba\system\CodeIgniter.php(406): CodeIgniter\CodeIgniter->startController()
#5 C:\xampp\htdocs\prueba\system\CodeIgniter.php(326): CodeIgniter\CodeIgniter->handleRequest(NULL, Object(Config\Cache), false)
#6 C:\xampp\htdocs\prueba\public\index.php(37): CodeIgniter\CodeIgniter->run()
#7 {main}
CRITICAL - 2022-04-24 23:45:04 --> syntax error, unexpected token "*"
#0 C:\xampp\htdocs\prueba\system\Autoloader\Autoloader.php(241): CodeIgniter\Autoloader\Autoloader->includeFile('C:\\xampp\\htdocs...')
#1 C:\xampp\htdocs\prueba\system\Autoloader\Autoloader.php(219): CodeIgniter\Autoloader\Autoloader->loadInNamespace('App\\Controllers...')
#2 [internal function]: CodeIgniter\Autoloader\Autoloader->loadClass('App\\Controllers...')
#3 C:\xampp\htdocs\prueba\system\CodeIgniter.php(797): class_exists('\\App\\Controller...', true)
#4 C:\xampp\htdocs\prueba\system\CodeIgniter.php(406): CodeIgniter\CodeIgniter->startController()
#5 C:\xampp\htdocs\prueba\system\CodeIgniter.php(326): CodeIgniter\CodeIgniter->handleRequest(NULL, Object(Config\Cache), false)
#6 C:\xampp\htdocs\prueba\public\index.php(37): CodeIgniter\CodeIgniter->run()
#7 {main}
CRITICAL - 2022-04-24 23:52:00 --> Invalid file: home_view_c.php
#0 C:\xampp\htdocs\prueba\system\View\View.php(198): CodeIgniter\Exceptions\FrameworkException::forInvalidFile('home_view_c.php')
#1 C:\xampp\htdocs\prueba\system\Common.php(1089): CodeIgniter\View\View->render('home_view_c', Array, true)
#2 C:\xampp\htdocs\prueba\app\Controllers\Home.php(10): view('home_view_c')
#3 C:\xampp\htdocs\prueba\system\CodeIgniter.php(832): App\Controllers\Home->index()
#4 C:\xampp\htdocs\prueba\system\CodeIgniter.php(419): CodeIgniter\CodeIgniter->runController(Object(App\Controllers\Home))
#5 C:\xampp\htdocs\prueba\system\CodeIgniter.php(326): CodeIgniter\CodeIgniter->handleRequest(NULL, Object(Config\Cache), false)
#6 C:\xampp\htdocs\prueba\public\index.php(37): CodeIgniter\CodeIgniter->run()
#7 {main}
